{
    "stats": {
        "suites": 1,
        "tests": 1,
        "passes": 1,
        "pending": 0,
        "failures": 0,
        "start": "2018-03-21T16:09:42.206Z",
        "end": "2018-03-21T16:10:26.237Z",
        "duration": 44031,
        "testsRegistered": 1,
        "passPercent": 100,
        "pendingPercent": 0,
        "other": 0,
        "hasOther": false,
        "skipped": 0,
        "hasSkipped": false,
        "passPercentClass": "success",
        "pendingPercentClass": "danger"
    },
    "suites": {
        "title": "",
        "suites": [
            {
                "title": "Mobile screenshots (chrome)",
                "suites": [],
                "tests": [
                    {
                        "title": "PDP",
                        "fullTitle": "PDP",
                        "timedOut": false,
                        "duration": 35154,
                        "speed": "fast",
                        "pass": true,
                        "fail": false,
                        "pending": false,
                        "code": "",
                        "isRoot": false,
                        "uuid": "abae9b98-e75a-42e9-9d38-ac7a831379aa",
                        "parentUUID": "c69a3b08-8086-458c-b2a1-38f03696e1d9",
                        "skipped": false,
                        "isHook": false,
                        "context":
                            "[{\"title\":\"Session Id\",\"value\":\"f93c06fefa0e19ee62354fb747d99563\"}]",
                        "state": "passed",
                        "err": {}
                    }
                ],
                "pending": [],
                "root": false,
                "fullFile": "",
                "file": "",
                "passes": [
                    {
                        "title": "PDP",
                        "fullTitle": "PDP",
                        "timedOut": false,
                        "duration": 35154,
                        "speed": "fast",
                        "pass": true,
                        "fail": false,
                        "pending": false,
                        "code": "",
                        "isRoot": false,
                        "uuid": "abae9b98-e75a-42e9-9d38-ac7a831379aa",
                        "parentUUID": "c69a3b08-8086-458c-b2a1-38f03696e1d9",
                        "skipped": false,
                        "isHook": false,
                        "context":
                            "[{\"title\":\"Session Id\",\"value\":\"f93c06fefa0e19ee62354fb747d99563\"}]",
                        "state": "passed",
                        "err": {}
                    }
                ],
                "failures": [],
                "skipped": [],
                "hasTests": true,
                "hasSuites": false,
                "totalTests": 1,
                "totalPasses": 1,
                "totalFailures": 0,
                "totalPending": 0,
                "totalSkipped": 0,
                "hasPasses": true,
                "hasFailures": false,
                "hasPending": false,
                "hasSkipped": false,
                "duration": 35156,
                "_timeout": 0,
                "uuid": "c69a3b08-8086-458c-b2a1-38f03696e1d9",
                "hasBeforeHooks": false,
                "beforeHooks": [],
                "hasAfterHooks": false,
                "afterHooks": []
            }
        ],
        "tests": [],
        "pending": [],
        "root": true,
        "fullFile": "",
        "file": "",
        "passes": [],
        "failures": [],
        "skipped": [],
        "hasTests": false,
        "hasSuites": true,
        "totalTests": 0,
        "totalPasses": 0,
        "totalFailures": 0,
        "totalPending": 0,
        "totalSkipped": 0,
        "hasPasses": false,
        "hasFailures": false,
        "hasPending": false,
        "hasSkipped": false,
        "duration": 0,
        "_timeout": 0,
        "uuid": "d911acb3-251f-47d7-8d46-ece30e092088",
        "hasBeforeHooks": false,
        "beforeHooks": [],
        "hasAfterHooks": false,
        "afterHooks": []
    },
    "allTests": [
        {
            "title": "PDP",
            "fullTitle": "PDP",
            "timedOut": false,
            "duration": 35154,
            "speed": "fast",
            "pass": true,
            "fail": false,
            "pending": false,
            "code": "",
            "isRoot": false,
            "uuid": "abae9b98-e75a-42e9-9d38-ac7a831379aa",
            "parentUUID": "c69a3b08-8086-458c-b2a1-38f03696e1d9",
            "skipped": false,
            "isHook": false,
            "context":
                "[{\"title\":\"Session Id\",\"value\":\"f93c06fefa0e19ee62354fb747d99563\"}]",
            "state": "passed",
            "err": {}
        }
    ],
    "allPending": [],
    "allPasses": [
        {
            "title": "PDP",
            "fullTitle": "PDP",
            "timedOut": false,
            "duration": 35154,
            "speed": "fast",
            "pass": true,
            "fail": false,
            "pending": false,
            "code": "",
            "isRoot": false,
            "uuid": "abae9b98-e75a-42e9-9d38-ac7a831379aa",
            "parentUUID": "c69a3b08-8086-458c-b2a1-38f03696e1d9",
            "skipped": false,
            "isHook": false,
            "context":
                "[{\"title\":\"Session Id\",\"value\":\"f93c06fefa0e19ee62354fb747d99563\"}]",
            "state": "passed",
            "err": {}
        }
    ],
    "allFailures": [],
    "copyrightYear": 2018
}
