{
    "stats": {
        "suites": 1,
        "tests": 1,
        "passes": 1,
        "pending": 0,
        "failures": 0,
        "start": "2018-03-21T15:59:42.793Z",
        "end": "2018-03-21T16:00:28.323Z",
        "duration": 45530,
        "testsRegistered": 1,
        "passPercent": 100,
        "pendingPercent": 0,
        "other": 0,
        "hasOther": false,
        "skipped": 0,
        "hasSkipped": false,
        "passPercentClass": "success",
        "pendingPercentClass": "danger"
    },
    "suites": {
        "title": "",
        "suites": [
            {
                "title": "Take screenshots (chrome)",
                "suites": [],
                "tests": [
                    {
                        "title": "Screenshot PDP",
                        "fullTitle": "Screenshot PDP",
                        "timedOut": false,
                        "duration": 35266,
                        "speed": "fast",
                        "pass": true,
                        "fail": false,
                        "pending": false,
                        "code": "",
                        "isRoot": false,
                        "uuid": "32229bdb-fbbb-4619-8bfb-8c56b9e40565",
                        "parentUUID": "ea3f0546-7d13-48f6-8b62-fe336f322e1b",
                        "skipped": false,
                        "isHook": false,
                        "context":
                            "[{\"title\":\"Session Id\",\"value\":\"2bfa07eb59ce6729bfc02300667e56ee\"}]",
                        "state": "passed",
                        "err": {}
                    }
                ],
                "pending": [],
                "root": false,
                "fullFile": "",
                "file": "",
                "passes": [
                    {
                        "title": "Screenshot PDP",
                        "fullTitle": "Screenshot PDP",
                        "timedOut": false,
                        "duration": 35266,
                        "speed": "fast",
                        "pass": true,
                        "fail": false,
                        "pending": false,
                        "code": "",
                        "isRoot": false,
                        "uuid": "32229bdb-fbbb-4619-8bfb-8c56b9e40565",
                        "parentUUID": "ea3f0546-7d13-48f6-8b62-fe336f322e1b",
                        "skipped": false,
                        "isHook": false,
                        "context":
                            "[{\"title\":\"Session Id\",\"value\":\"2bfa07eb59ce6729bfc02300667e56ee\"}]",
                        "state": "passed",
                        "err": {}
                    }
                ],
                "failures": [],
                "skipped": [],
                "hasTests": true,
                "hasSuites": false,
                "totalTests": 1,
                "totalPasses": 1,
                "totalFailures": 0,
                "totalPending": 0,
                "totalSkipped": 0,
                "hasPasses": true,
                "hasFailures": false,
                "hasPending": false,
                "hasSkipped": false,
                "duration": 35267,
                "_timeout": 0,
                "uuid": "ea3f0546-7d13-48f6-8b62-fe336f322e1b",
                "hasBeforeHooks": false,
                "beforeHooks": [],
                "hasAfterHooks": false,
                "afterHooks": []
            }
        ],
        "tests": [],
        "pending": [],
        "root": true,
        "fullFile": "",
        "file": "",
        "passes": [],
        "failures": [],
        "skipped": [],
        "hasTests": false,
        "hasSuites": true,
        "totalTests": 0,
        "totalPasses": 0,
        "totalFailures": 0,
        "totalPending": 0,
        "totalSkipped": 0,
        "hasPasses": false,
        "hasFailures": false,
        "hasPending": false,
        "hasSkipped": false,
        "duration": 0,
        "_timeout": 0,
        "uuid": "3812ba66-27c8-4903-adb7-c3c888bf7f33",
        "hasBeforeHooks": false,
        "beforeHooks": [],
        "hasAfterHooks": false,
        "afterHooks": []
    },
    "allTests": [
        {
            "title": "Screenshot PDP",
            "fullTitle": "Screenshot PDP",
            "timedOut": false,
            "duration": 35266,
            "speed": "fast",
            "pass": true,
            "fail": false,
            "pending": false,
            "code": "",
            "isRoot": false,
            "uuid": "32229bdb-fbbb-4619-8bfb-8c56b9e40565",
            "parentUUID": "ea3f0546-7d13-48f6-8b62-fe336f322e1b",
            "skipped": false,
            "isHook": false,
            "context":
                "[{\"title\":\"Session Id\",\"value\":\"2bfa07eb59ce6729bfc02300667e56ee\"}]",
            "state": "passed",
            "err": {}
        }
    ],
    "allPending": [],
    "allPasses": [
        {
            "title": "Screenshot PDP",
            "fullTitle": "Screenshot PDP",
            "timedOut": false,
            "duration": 35266,
            "speed": "fast",
            "pass": true,
            "fail": false,
            "pending": false,
            "code": "",
            "isRoot": false,
            "uuid": "32229bdb-fbbb-4619-8bfb-8c56b9e40565",
            "parentUUID": "ea3f0546-7d13-48f6-8b62-fe336f322e1b",
            "skipped": false,
            "isHook": false,
            "context":
                "[{\"title\":\"Session Id\",\"value\":\"2bfa07eb59ce6729bfc02300667e56ee\"}]",
            "state": "passed",
            "err": {}
        }
    ],
    "allFailures": [],
    "copyrightYear": 2018
}
